## SLURM PROLOG ###############################################################
##    Job ID : 13343284
##  Job Name : era54nextsim
##  Nodelist : node2334
##      CPUs : 1
##   Mem/CPU : 102400 MB
## Directory : /oscar/data/deeps/private/chorvat/santanarc/scripts/uo/nextsim-notebooks
##   Job Started : Tue Oct 14 07:06:55 PM EDT 2025
###############################################################################
On nesi use with: load-python-nextsim
You need to close the ncfile "ncfile.close()" before opening it. 
Hostname: node2334.oscar.ccv.brown.edu

Processing file /oscar/data/deeps/private/chorvat/nextsim/ERA5/ERA5_t2m_y2013.nc
Deleted old file: /oscar/data/deeps/private/chorvat/data/ERA5/proc/ERA5_t2m_y2013.nc

Creating file /oscar/data/deeps/private/chorvat/data/ERA5/proc/ERA5_t2m_y2013.nc
<class 'netCDF4.Dataset'>
root group (NETCDF4_CLASSIC data model, file format HDF5):
    dimensions(sizes): 
    variables(dimensions): 
    groups: 
('longitude', "<class 'netCDF4.Dimension'>": name = 'longitude', size = 1440)
('latitude', "<class 'netCDF4.Dimension'>": name = 'latitude', size = 241)
('time', "<class 'netCDF4.Dimension'>": name = 'time', size = 8760)
  
  
Compress netcdf with:
### on NeSI ###
ml NCO
load-miniforge
conda activate /nesi/project/uoa03669/rsan613/envs/era5
nccopy -d9 -s ERA5_msdwlwrf_y2018.nc ERA5_msdwlwrf_y2018.nc4
