Remember to load python for nextsim
load-matlab
Opening log file:  /tmp/java.log.36271

                            < M A T L A B (R) >
                  Copyright 1984-2019 The MathWorks, Inc.
              R2019b Update 6 (9.7.0.1434023) 64-bit (glnxa64)
                               July 15, 2020

 
To get started, type doc.
For product information, visit www.mathworks.com.
 
Loading: /scale_wlg_persistent/filesets/project/uoa03669/rsan613/n/southern/runs/mEVP/output/Moorings_2015m01.nc
Loading: /scale_wlg_persistent/filesets/project/uoa03669/rsan613/n/southern/runs/mEVP/output/Moorings_2015m02.nc
Loading: /scale_wlg_persistent/filesets/project/uoa03669/rsan613/n/southern/runs/mEVP/output/Moorings_2015m03.nc
Loading: /scale_wlg_persistent/filesets/project/uoa03669/rsan613/n/southern/runs/mEVP/output/Moorings_2015m04.nc
Loading: /scale_wlg_persistent/filesets/project/uoa03669/rsan613/n/southern/runs/mEVP/output/Moorings_2015m05.nc
Loading: /scale_wlg_persistent/filesets/project/uoa03669/rsan613/n/southern/runs/mEVP/output/Moorings_2015m06.nc
Loading: /scale_wlg_persistent/filesets/project/uoa03669/rsan613/n/southern/runs/mEVP/output/Moorings_2015m07.nc
Loading: /scale_wlg_persistent/filesets/project/uoa03669/rsan613/n/southern/runs/mEVP/output/Moorings_2015m08.nc
Loading: /scale_wlg_persistent/filesets/project/uoa03669/rsan613/n/southern/runs/mEVP/output/Moorings_2015m09.nc
Loading: /scale_wlg_persistent/filesets/project/uoa03669/rsan613/n/southern/runs/mEVP/output/Moorings_2015m10.nc
Loading: /scale_wlg_persistent/filesets/project/uoa03669/rsan613/n/southern/runs/mEVP/output/Moorings_2015m11.nc
Loading: /scale_wlg_persistent/filesets/project/uoa03669/rsan613/n/southern/runs/mEVP/output/Moorings_2015m12.nc
Loading: /scale_wlg_persistent/filesets/project/uoa03669/rsan613/n/southern/runs/mEVP/output/Moorings_2016m01.nc
Loading: /scale_wlg_persistent/filesets/project/uoa03669/rsan613/n/southern/runs/mEVP/output/Moorings_2016m02.nc
Loading: /scale_wlg_persistent/filesets/project/uoa03669/rsan613/n/southern/runs/mEVP/output/Moorings_2016m03.nc
Loading: /scale_wlg_persistent/filesets/project/uoa03669/rsan613/n/southern/runs/mEVP/output/Moorings_2016m04.nc
Loading: /scale_wlg_persistent/filesets/project/uoa03669/rsan613/n/southern/runs/mEVP/output/Moorings_2016m05.nc
Loading: /scale_wlg_persistent/filesets/project/uoa03669/rsan613/n/southern/runs/mEVP/output/Moorings_2016m06.nc
Loading: /scale_wlg_persistent/filesets/project/uoa03669/rsan613/n/southern/runs/mEVP/output/Moorings_2016m07.nc
Loading: /scale_wlg_persistent/filesets/project/uoa03669/rsan613/n/southern/runs/mEVP/output/Moorings_2016m08.nc
Loading: /scale_wlg_persistent/filesets/project/uoa03669/rsan613/n/southern/runs/mEVP/output/Moorings_2016m09.nc
Loading: /scale_wlg_persistent/filesets/project/uoa03669/rsan613/n/southern/runs/mEVP/output/Moorings_2016m10.nc
Loading: /scale_wlg_persistent/filesets/project/uoa03669/rsan613/n/southern/runs/mEVP/output/Moorings_2016m11.nc
Loading: /scale_wlg_persistent/filesets/project/uoa03669/rsan613/n/southern/runs/mEVP/output/Moorings_2016m12.nc
Loading: /scale_wlg_persistent/filesets/project/uoa03669/rsan613/n/southern/runs/mEVP/output/Moorings_2017m01.nc
Loading: /scale_wlg_persistent/filesets/project/uoa03669/rsan613/n/southern/runs/mEVP/output/Moorings_2017m02.nc
Loading: /scale_wlg_persistent/filesets/project/uoa03669/rsan613/n/southern/runs/mEVP/output/Moorings_2017m03.nc
Loading: /scale_wlg_persistent/filesets/project/uoa03669/rsan613/n/southern/runs/mEVP/output/Moorings_2017m04.nc
Loading: /scale_wlg_persistent/filesets/project/uoa03669/rsan613/n/southern/runs/mEVP/output/Moorings_2017m05.nc
Loading: /scale_wlg_persistent/filesets/project/uoa03669/rsan613/n/southern/runs/mEVP/output/Moorings_2017m06.nc
Loading: /scale_wlg_persistent/filesets/project/uoa03669/rsan613/n/southern/runs/mEVP/output/Moorings_2017m07.nc
Loading: /scale_wlg_persistent/filesets/project/uoa03669/rsan613/n/southern/runs/mEVP/output/Moorings_2017m08.nc
Loading: /scale_wlg_persistent/filesets/project/uoa03669/rsan613/n/southern/runs/mEVP/output/Moorings_2017m09.nc
Loading: /scale_wlg_persistent/filesets/project/uoa03669/rsan613/n/southern/runs/mEVP/output/Moorings_2017m10.nc
Loading: /scale_wlg_persistent/filesets/project/uoa03669/rsan613/n/southern/runs/mEVP/output/Moorings_2017m11.nc
Loading: /scale_wlg_persistent/filesets/project/uoa03669/rsan613/n/southern/runs/mEVP/output/Moorings_2017m12.nc
Loading: /scale_wlg_persistent/filesets/project/uoa03669/rsan613/n/southern/runs/mEVP/output/Moorings_2018m01.nc
Loading: /scale_wlg_persistent/filesets/project/uoa03669/rsan613/n/southern/runs/mEVP/output/Moorings_2018m02.nc
Loading: /scale_wlg_persistent/filesets/project/uoa03669/rsan613/n/southern/runs/mEVP/output/Moorings_2018m03.nc
Loading: /scale_wlg_persistent/filesets/project/uoa03669/rsan613/n/southern/runs/mEVP/output/Moorings_2018m04.nc
Loading: /scale_wlg_persistent/filesets/project/uoa03669/rsan613/n/southern/runs/mEVP/output/Moorings_2018m05.nc
Loading: /scale_wlg_persistent/filesets/project/uoa03669/rsan613/n/southern/runs/mEVP/output/Moorings_2018m06.nc
Loading: /scale_wlg_persistent/filesets/project/uoa03669/rsan613/n/southern/runs/mEVP/output/Moorings_2018m07.nc
Loading: /scale_wlg_persistent/filesets/project/uoa03669/rsan613/n/southern/runs/mEVP/output/Moorings_2018m08.nc
Loading: /scale_wlg_persistent/filesets/project/uoa03669/rsan613/n/southern/runs/mEVP/output/Moorings_2018m09.nc
Loading: /scale_wlg_persistent/filesets/project/uoa03669/rsan613/n/southern/runs/mEVP/output/Moorings_2018m10.nc
Loading: /scale_wlg_persistent/filesets/project/uoa03669/rsan613/n/southern/runs/mEVP/output/Moorings_2018m11.nc
Loading: /scale_wlg_persistent/filesets/project/uoa03669/rsan613/n/southern/runs/mEVP/output/Moorings_2018m12.nc
Loading: /scale_wlg_persistent/filesets/project/uoa03669/rsan613/n/southern/runs/mEVP/output/Moorings_2019m01.nc
Loading: /scale_wlg_persistent/filesets/project/uoa03669/rsan613/n/southern/runs/mEVP/output/Moorings_2019m02.nc
Loading: /scale_wlg_persistent/filesets/project/uoa03669/rsan613/n/southern/runs/mEVP/output/Moorings_2019m03.nc
Loading: /scale_wlg_persistent/filesets/project/uoa03669/rsan613/n/southern/runs/mEVP/output/Moorings_2019m04.nc
Loading: /scale_wlg_persistent/filesets/project/uoa03669/rsan613/n/southern/runs/mEVP/output/Moorings_2019m05.nc
Loading: /scale_wlg_persistent/filesets/project/uoa03669/rsan613/n/southern/runs/mEVP/output/Moorings_2019m06.nc
Loading: /scale_wlg_persistent/filesets/project/uoa03669/rsan613/n/southern/runs/mEVP/output/Moorings_2019m07.nc
Loading: /scale_wlg_persistent/filesets/project/uoa03669/rsan613/n/southern/runs/mEVP/output/Moorings_2019m08.nc
Loading: /scale_wlg_persistent/filesets/project/uoa03669/rsan613/n/southern/runs/mEVP/output/Moorings_2019m09.nc
Loading: /scale_wlg_persistent/filesets/project/uoa03669/rsan613/n/southern/runs/mEVP/output/Moorings_2019m10.nc
Loading: /scale_wlg_persistent/filesets/project/uoa03669/rsan613/n/southern/runs/mEVP/output/Moorings_2019m11.nc
Loading: /scale_wlg_persistent/filesets/project/uoa03669/rsan613/n/southern/runs/mEVP/output/Moorings_2019m12.nc
Loading: /scale_wlg_persistent/filesets/project/uoa03669/rsan613/n/southern/runs/mEVP/output/Moorings_2020m01.nc
Loading: /scale_wlg_persistent/filesets/project/uoa03669/rsan613/n/southern/runs/mEVP/output/Moorings_2020m02.nc
Loading: /scale_wlg_persistent/filesets/project/uoa03669/rsan613/n/southern/runs/mEVP/output/Moorings_2020m03.nc
Loading: /scale_wlg_persistent/filesets/project/uoa03669/rsan613/n/southern/runs/mEVP/output/Moorings_2020m04.nc
Loading: /scale_wlg_persistent/filesets/project/uoa03669/rsan613/n/southern/runs/mEVP/output/Moorings_2020m05.nc
Loading: /scale_wlg_persistent/filesets/project/uoa03669/rsan613/n/southern/runs/mEVP/output/Moorings_2020m06.nc
Loading: /scale_wlg_persistent/filesets/project/uoa03669/rsan613/n/southern/runs/mEVP/output/Moorings_2020m07.nc
Loading: /scale_wlg_persistent/filesets/project/uoa03669/rsan613/n/southern/runs/mEVP/output/Moorings_2020m08.nc
Loading: /scale_wlg_persistent/filesets/project/uoa03669/rsan613/n/southern/runs/mEVP/output/Moorings_2020m09.nc
Loading: /scale_wlg_persistent/filesets/project/uoa03669/rsan613/n/southern/runs/mEVP/output/Moorings_2020m10.nc
Loading: /scale_wlg_persistent/filesets/project/uoa03669/rsan613/n/southern/runs/mEVP/output/Moorings_2020m11.nc
Loading: /scale_wlg_persistent/filesets/project/uoa03669/rsan613/n/southern/runs/mEVP/output/Moorings_2020m12.nc
Loading: /scale_wlg_persistent/filesets/project/uoa03669/rsan613/n/southern/runs/mEVP/output/Moorings_2021m01.nc
Loading: /scale_wlg_persistent/filesets/project/uoa03669/rsan613/n/southern/runs/mEVP/output/Moorings_2021m02.nc
Loading: /scale_wlg_persistent/filesets/project/uoa03669/rsan613/n/southern/runs/mEVP/output/Moorings_2021m03.nc
Loading: /scale_wlg_persistent/filesets/project/uoa03669/rsan613/n/southern/runs/mEVP/output/Moorings_2021m04.nc
Loading: /scale_wlg_persistent/filesets/project/uoa03669/rsan613/n/southern/runs/mEVP/output/Moorings_2021m05.nc
Loading: /scale_wlg_persistent/filesets/project/uoa03669/rsan613/n/southern/runs/mEVP/output/Moorings_2021m06.nc
Loading: /scale_wlg_persistent/filesets/project/uoa03669/rsan613/n/southern/runs/mEVP/output/Moorings_2021m07.nc
Loading: /scale_wlg_persistent/filesets/project/uoa03669/rsan613/n/southern/runs/mEVP/output/Moorings_2021m08.nc
Loading: /scale_wlg_persistent/filesets/project/uoa03669/rsan613/n/southern/runs/mEVP/output/Moorings_2021m09.nc
Loading: /scale_wlg_persistent/filesets/project/uoa03669/rsan613/n/southern/runs/mEVP/output/Moorings_2021m10.nc
Loading: /scale_wlg_persistent/filesets/project/uoa03669/rsan613/n/southern/runs/mEVP/output/Moorings_2021m11.nc
Loading: /scale_wlg_persistent/filesets/project/uoa03669/rsan613/n/southern/runs/mEVP/output/Moorings_2021m12.nc
Loading: /scale_wlg_persistent/filesets/project/uoa03669/rsan613/n/southern/runs/mEVP/output/newice_pxx_2015-01-01_2021-12-28.mat
Loading: /scale_wlg_persistent/filesets/project/uoa03669/rsan613/n/southern/runs/BBM/output/Moorings_2015m01.nc
Loading: /scale_wlg_persistent/filesets/project/uoa03669/rsan613/n/southern/runs/BBM/output/Moorings_2015m02.nc
Loading: /scale_wlg_persistent/filesets/project/uoa03669/rsan613/n/southern/runs/BBM/output/Moorings_2015m03.nc
Loading: /scale_wlg_persistent/filesets/project/uoa03669/rsan613/n/southern/runs/BBM/output/Moorings_2015m04.nc
Loading: /scale_wlg_persistent/filesets/project/uoa03669/rsan613/n/southern/runs/BBM/output/Moorings_2015m05.nc
Loading: /scale_wlg_persistent/filesets/project/uoa03669/rsan613/n/southern/runs/BBM/output/Moorings_2015m06.nc
Loading: /scale_wlg_persistent/filesets/project/uoa03669/rsan613/n/southern/runs/BBM/output/Moorings_2015m07.nc
Loading: /scale_wlg_persistent/filesets/project/uoa03669/rsan613/n/southern/runs/BBM/output/Moorings_2015m08.nc
Loading: /scale_wlg_persistent/filesets/project/uoa03669/rsan613/n/southern/runs/BBM/output/Moorings_2015m09.nc
Loading: /scale_wlg_persistent/filesets/project/uoa03669/rsan613/n/southern/runs/BBM/output/Moorings_2015m10.nc
Loading: /scale_wlg_persistent/filesets/project/uoa03669/rsan613/n/southern/runs/BBM/output/Moorings_2015m11.nc
Loading: /scale_wlg_persistent/filesets/project/uoa03669/rsan613/n/southern/runs/BBM/output/Moorings_2015m12.nc
Loading: /scale_wlg_persistent/filesets/project/uoa03669/rsan613/n/southern/runs/BBM/output/Moorings_2016m01.nc
Loading: /scale_wlg_persistent/filesets/project/uoa03669/rsan613/n/southern/runs/BBM/output/Moorings_2016m02.nc
Loading: /scale_wlg_persistent/filesets/project/uoa03669/rsan613/n/southern/runs/BBM/output/Moorings_2016m03.nc
Loading: /scale_wlg_persistent/filesets/project/uoa03669/rsan613/n/southern/runs/BBM/output/Moorings_2016m04.nc
Loading: /scale_wlg_persistent/filesets/project/uoa03669/rsan613/n/southern/runs/BBM/output/Moorings_2016m05.nc
Loading: /scale_wlg_persistent/filesets/project/uoa03669/rsan613/n/southern/runs/BBM/output/Moorings_2016m06.nc
Loading: /scale_wlg_persistent/filesets/project/uoa03669/rsan613/n/southern/runs/BBM/output/Moorings_2016m07.nc
Loading: /scale_wlg_persistent/filesets/project/uoa03669/rsan613/n/southern/runs/BBM/output/Moorings_2016m08.nc
Loading: /scale_wlg_persistent/filesets/project/uoa03669/rsan613/n/southern/runs/BBM/output/Moorings_2016m09.nc
Loading: /scale_wlg_persistent/filesets/project/uoa03669/rsan613/n/southern/runs/BBM/output/Moorings_2016m10.nc
Loading: /scale_wlg_persistent/filesets/project/uoa03669/rsan613/n/southern/runs/BBM/output/Moorings_2016m11.nc
Loading: /scale_wlg_persistent/filesets/project/uoa03669/rsan613/n/southern/runs/BBM/output/Moorings_2016m12.nc
Loading: /scale_wlg_persistent/filesets/project/uoa03669/rsan613/n/southern/runs/BBM/output/Moorings_2017m01.nc
Loading: /scale_wlg_persistent/filesets/project/uoa03669/rsan613/n/southern/runs/BBM/output/Moorings_2017m02.nc
Loading: /scale_wlg_persistent/filesets/project/uoa03669/rsan613/n/southern/runs/BBM/output/Moorings_2017m03.nc
Loading: /scale_wlg_persistent/filesets/project/uoa03669/rsan613/n/southern/runs/BBM/output/Moorings_2017m04.nc
Loading: /scale_wlg_persistent/filesets/project/uoa03669/rsan613/n/southern/runs/BBM/output/Moorings_2017m05.nc
Loading: /scale_wlg_persistent/filesets/project/uoa03669/rsan613/n/southern/runs/BBM/output/Moorings_2017m06.nc
Loading: /scale_wlg_persistent/filesets/project/uoa03669/rsan613/n/southern/runs/BBM/output/Moorings_2017m07.nc
Loading: /scale_wlg_persistent/filesets/project/uoa03669/rsan613/n/southern/runs/BBM/output/Moorings_2017m08.nc
Loading: /scale_wlg_persistent/filesets/project/uoa03669/rsan613/n/southern/runs/BBM/output/Moorings_2017m09.nc
Loading: /scale_wlg_persistent/filesets/project/uoa03669/rsan613/n/southern/runs/BBM/output/Moorings_2017m10.nc
Loading: /scale_wlg_persistent/filesets/project/uoa03669/rsan613/n/southern/runs/BBM/output/Moorings_2017m11.nc
Loading: /scale_wlg_persistent/filesets/project/uoa03669/rsan613/n/southern/runs/BBM/output/Moorings_2017m12.nc
Loading: /scale_wlg_persistent/filesets/project/uoa03669/rsan613/n/southern/runs/BBM/output/Moorings_2018m01.nc
Loading: /scale_wlg_persistent/filesets/project/uoa03669/rsan613/n/southern/runs/BBM/output/Moorings_2018m02.nc
Loading: /scale_wlg_persistent/filesets/project/uoa03669/rsan613/n/southern/runs/BBM/output/Moorings_2018m03.nc
Loading: /scale_wlg_persistent/filesets/project/uoa03669/rsan613/n/southern/runs/BBM/output/Moorings_2018m04.nc
Loading: /scale_wlg_persistent/filesets/project/uoa03669/rsan613/n/southern/runs/BBM/output/Moorings_2018m05.nc
Loading: /scale_wlg_persistent/filesets/project/uoa03669/rsan613/n/southern/runs/BBM/output/Moorings_2018m06.nc
Loading: /scale_wlg_persistent/filesets/project/uoa03669/rsan613/n/southern/runs/BBM/output/Moorings_2018m07.nc
Loading: /scale_wlg_persistent/filesets/project/uoa03669/rsan613/n/southern/runs/BBM/output/Moorings_2018m08.nc
Loading: /scale_wlg_persistent/filesets/project/uoa03669/rsan613/n/southern/runs/BBM/output/Moorings_2018m09.nc
Loading: /scale_wlg_persistent/filesets/project/uoa03669/rsan613/n/southern/runs/BBM/output/Moorings_2018m10.nc
Loading: /scale_wlg_persistent/filesets/project/uoa03669/rsan613/n/southern/runs/BBM/output/Moorings_2018m11.nc
Loading: /scale_wlg_persistent/filesets/project/uoa03669/rsan613/n/southern/runs/BBM/output/Moorings_2018m12.nc
Loading: /scale_wlg_persistent/filesets/project/uoa03669/rsan613/n/southern/runs/BBM/output/Moorings_2019m01.nc
Loading: /scale_wlg_persistent/filesets/project/uoa03669/rsan613/n/southern/runs/BBM/output/Moorings_2019m02.nc
Loading: /scale_wlg_persistent/filesets/project/uoa03669/rsan613/n/southern/runs/BBM/output/Moorings_2019m03.nc
Loading: /scale_wlg_persistent/filesets/project/uoa03669/rsan613/n/southern/runs/BBM/output/Moorings_2019m04.nc
Loading: /scale_wlg_persistent/filesets/project/uoa03669/rsan613/n/southern/runs/BBM/output/Moorings_2019m05.nc
Loading: /scale_wlg_persistent/filesets/project/uoa03669/rsan613/n/southern/runs/BBM/output/Moorings_2019m06.nc
Loading: /scale_wlg_persistent/filesets/project/uoa03669/rsan613/n/southern/runs/BBM/output/Moorings_2019m07.nc
Loading: /scale_wlg_persistent/filesets/project/uoa03669/rsan613/n/southern/runs/BBM/output/Moorings_2019m08.nc
Loading: /scale_wlg_persistent/filesets/project/uoa03669/rsan613/n/southern/runs/BBM/output/Moorings_2019m09.nc
Loading: /scale_wlg_persistent/filesets/project/uoa03669/rsan613/n/southern/runs/BBM/output/Moorings_2019m10.nc
Loading: /scale_wlg_persistent/filesets/project/uoa03669/rsan613/n/southern/runs/BBM/output/Moorings_2019m11.nc
Loading: /scale_wlg_persistent/filesets/project/uoa03669/rsan613/n/southern/runs/BBM/output/Moorings_2019m12.nc
Loading: /scale_wlg_persistent/filesets/project/uoa03669/rsan613/n/southern/runs/BBM/output/Moorings_2020m01.nc
Loading: /scale_wlg_persistent/filesets/project/uoa03669/rsan613/n/southern/runs/BBM/output/Moorings_2020m02.nc
Loading: /scale_wlg_persistent/filesets/project/uoa03669/rsan613/n/southern/runs/BBM/output/Moorings_2020m03.nc
Loading: /scale_wlg_persistent/filesets/project/uoa03669/rsan613/n/southern/runs/BBM/output/Moorings_2020m04.nc
Loading: /scale_wlg_persistent/filesets/project/uoa03669/rsan613/n/southern/runs/BBM/output/Moorings_2020m05.nc
Loading: /scale_wlg_persistent/filesets/project/uoa03669/rsan613/n/southern/runs/BBM/output/Moorings_2020m06.nc
Loading: /scale_wlg_persistent/filesets/project/uoa03669/rsan613/n/southern/runs/BBM/output/Moorings_2020m07.nc
Loading: /scale_wlg_persistent/filesets/project/uoa03669/rsan613/n/southern/runs/BBM/output/Moorings_2020m08.nc
Loading: /scale_wlg_persistent/filesets/project/uoa03669/rsan613/n/southern/runs/BBM/output/Moorings_2020m09.nc
Loading: /scale_wlg_persistent/filesets/project/uoa03669/rsan613/n/southern/runs/BBM/output/Moorings_2020m10.nc
Loading: /scale_wlg_persistent/filesets/project/uoa03669/rsan613/n/southern/runs/BBM/output/Moorings_2020m11.nc
Loading: /scale_wlg_persistent/filesets/project/uoa03669/rsan613/n/southern/runs/BBM/output/Moorings_2020m12.nc
Loading: /scale_wlg_persistent/filesets/project/uoa03669/rsan613/n/southern/runs/BBM/output/Moorings_2021m01.nc
Loading: /scale_wlg_persistent/filesets/project/uoa03669/rsan613/n/southern/runs/BBM/output/Moorings_2021m02.nc
Loading: /scale_wlg_persistent/filesets/project/uoa03669/rsan613/n/southern/runs/BBM/output/Moorings_2021m03.nc
Loading: /scale_wlg_persistent/filesets/project/uoa03669/rsan613/n/southern/runs/BBM/output/Moorings_2021m04.nc
Loading: /scale_wlg_persistent/filesets/project/uoa03669/rsan613/n/southern/runs/BBM/output/Moorings_2021m05.nc
Loading: /scale_wlg_persistent/filesets/project/uoa03669/rsan613/n/southern/runs/BBM/output/Moorings_2021m06.nc
Loading: /scale_wlg_persistent/filesets/project/uoa03669/rsan613/n/southern/runs/BBM/output/Moorings_2021m07.nc
Loading: /scale_wlg_persistent/filesets/project/uoa03669/rsan613/n/southern/runs/BBM/output/Moorings_2021m08.nc
Loading: /scale_wlg_persistent/filesets/project/uoa03669/rsan613/n/southern/runs/BBM/output/Moorings_2021m09.nc
Loading: /scale_wlg_persistent/filesets/project/uoa03669/rsan613/n/southern/runs/BBM/output/Moorings_2021m10.nc
Loading: /scale_wlg_persistent/filesets/project/uoa03669/rsan613/n/southern/runs/BBM/output/Moorings_2021m11.nc
Loading: /scale_wlg_persistent/filesets/project/uoa03669/rsan613/n/southern/runs/BBM/output/Moorings_2021m12.nc
Loading: /scale_wlg_persistent/filesets/project/uoa03669/rsan613/n/southern/runs/BBM/output/newice_pxx_2015-01-01_2021-12-28.mat
Saving: /scale_wlg_persistent/filesets/project/uoa03669/rsan613/n/southern/figures/BBM/psdw_newice_mean_psd_2015-01-01_2021-12-28.png
