Remember to load python for nextsim
load-python-nextsim
/scale_wlg_persistent/filesets/home/rsan613/scripts/uoa/nextsim-notebooks/valid_nextsim.py_sub:953: RuntimeWarning: Mean of empty slice
  mean=np.nanmean(vdatas,0)*90
/scale_wlg_persistent/filesets/home/rsan613/scripts/uoa/nextsim-notebooks/valid_nextsim.py_sub:953: RuntimeWarning: Mean of empty slice
  mean=np.nanmean(vdatas,0)*90
/scale_wlg_persistent/filesets/home/rsan613/scripts/uoa/nextsim-notebooks/valid_nextsim.py_sub:980: UserWarning: The input coordinates to pcolormesh are interpreted as cell centers, but are not monotonically increasing or decreasing. This may lead to incorrectly calculated cell edges, in which case, please supply explicit cell edges to pcolormesh.
  im1 = bm.pcolormesh(lonp,latp,mean,cmap=cmap,vmin=-.2,vmax=.2)
/scale_wlg_persistent/filesets/home/rsan613/scripts/uoa/nextsim-notebooks/valid_nextsim.py_sub:953: RuntimeWarning: Mean of empty slice
  mean=np.nanmean(vdatas,0)*90
/scale_wlg_persistent/filesets/home/rsan613/scripts/uoa/nextsim-notebooks/valid_nextsim.py_sub:980: UserWarning: The input coordinates to pcolormesh are interpreted as cell centers, but are not monotonically increasing or decreasing. This may lead to incorrectly calculated cell edges, in which case, please supply explicit cell edges to pcolormesh.
  im1 = bm.pcolormesh(lonp,latp,mean,cmap=cmap,vmin=-.2,vmax=.2)
/scale_wlg_persistent/filesets/home/rsan613/scripts/uoa/nextsim-notebooks/valid_nextsim.py_sub:953: RuntimeWarning: Mean of empty slice
  mean=np.nanmean(vdatas,0)*90
/scale_wlg_persistent/filesets/home/rsan613/scripts/uoa/nextsim-notebooks/valid_nextsim.py_sub:980: UserWarning: The input coordinates to pcolormesh are interpreted as cell centers, but are not monotonically increasing or decreasing. This may lead to incorrectly calculated cell edges, in which case, please supply explicit cell edges to pcolormesh.
  im1 = bm.pcolormesh(lonp,latp,mean,cmap=cmap,vmin=-.2,vmax=.2)
/scale_wlg_persistent/filesets/home/rsan613/scripts/uoa/nextsim-notebooks/valid_nextsim.py_sub:953: RuntimeWarning: Mean of empty slice
  mean=np.nanmean(vdatas,0)*90
/scale_wlg_persistent/filesets/home/rsan613/scripts/uoa/nextsim-notebooks/valid_nextsim.py_sub:980: UserWarning: The input coordinates to pcolormesh are interpreted as cell centers, but are not monotonically increasing or decreasing. This may lead to incorrectly calculated cell edges, in which case, please supply explicit cell edges to pcolormesh.
  im1 = bm.pcolormesh(lonp,latp,mean,cmap=cmap,vmin=-.2,vmax=.2)
/scale_wlg_persistent/filesets/home/rsan613/scripts/uoa/nextsim-notebooks/valid_nextsim.py_sub:1013: UserWarning: Matplotlib is currently using agg, which is a non-GUI backend, so cannot show the figure.
  plt.show()
Hostname: wmc038
Reading: /scale_wlg_nobackup/filesets/nobackup/uoa03669/data/etopo/ETOPO_Antarctic_10arcmin.nc
Loading: /scale_wlg_nobackup/filesets/nobackup/uoa03669/data/etopo/ETOPO_Antarctic_50km_nextsim.nc
0
/scale_wlg_persistent/filesets/project/uoa03669/rsan613/n/southern/runs/BBM/output/Moorings_2016m01.nc
/scale_wlg_persistent/filesets/project/uoa03669/rsan613/n/southern/runs/BBM/output/Moorings_2016m02.nc
/scale_wlg_persistent/filesets/project/uoa03669/rsan613/n/southern/runs/BBM/output/Moorings_2016m03.nc
/scale_wlg_persistent/filesets/project/uoa03669/rsan613/n/southern/runs/BBM/output/Moorings_2016m04.nc
/scale_wlg_persistent/filesets/project/uoa03669/rsan613/n/southern/runs/BBM/output/Moorings_2016m05.nc
/scale_wlg_persistent/filesets/project/uoa03669/rsan613/n/southern/runs/BBM/output/Moorings_2016m06.nc
/scale_wlg_persistent/filesets/project/uoa03669/rsan613/n/southern/runs/BBM/output/Moorings_2016m07.nc
/scale_wlg_persistent/filesets/project/uoa03669/rsan613/n/southern/runs/BBM/output/Moorings_2016m08.nc
/scale_wlg_persistent/filesets/project/uoa03669/rsan613/n/southern/runs/BBM/output/Moorings_2016m09.nc
/scale_wlg_persistent/filesets/project/uoa03669/rsan613/n/southern/runs/BBM/output/Moorings_2016m10.nc
/scale_wlg_persistent/filesets/project/uoa03669/rsan613/n/southern/runs/BBM/output/Moorings_2016m11.nc
/scale_wlg_persistent/filesets/project/uoa03669/rsan613/n/southern/runs/BBM/output/Moorings_2016m12.nc
/scale_wlg_persistent/filesets/project/uoa03669/rsan613/n/southern/runs/BBM/output/Moorings_2017m01.nc
/scale_wlg_persistent/filesets/project/uoa03669/rsan613/n/southern/runs/BBM/output/Moorings_2017m02.nc
/scale_wlg_persistent/filesets/project/uoa03669/rsan613/n/southern/runs/BBM/output/Moorings_2017m03.nc
/scale_wlg_persistent/filesets/project/uoa03669/rsan613/n/southern/runs/BBM/output/Moorings_2017m04.nc
/scale_wlg_persistent/filesets/project/uoa03669/rsan613/n/southern/runs/BBM/output/Moorings_2017m05.nc
/scale_wlg_persistent/filesets/project/uoa03669/rsan613/n/southern/runs/BBM/output/Moorings_2017m06.nc
/scale_wlg_persistent/filesets/project/uoa03669/rsan613/n/southern/runs/BBM/output/Moorings_2017m07.nc
/scale_wlg_persistent/filesets/project/uoa03669/rsan613/n/southern/runs/BBM/output/Moorings_2017m08.nc
/scale_wlg_persistent/filesets/project/uoa03669/rsan613/n/southern/runs/BBM/output/Moorings_2017m09.nc
/scale_wlg_persistent/filesets/project/uoa03669/rsan613/n/southern/runs/BBM/output/Moorings_2017m10.nc
/scale_wlg_persistent/filesets/project/uoa03669/rsan613/n/southern/runs/BBM/output/Moorings_2017m11.nc
/scale_wlg_persistent/filesets/project/uoa03669/rsan613/n/southern/runs/BBM/output/Moorings_2017m12.nc
/scale_wlg_persistent/filesets/project/uoa03669/rsan613/n/southern/runs/BBM/output/Moorings_2018m01.nc
/scale_wlg_persistent/filesets/project/uoa03669/rsan613/n/southern/runs/BBM/output/Moorings_2018m02.nc
/scale_wlg_persistent/filesets/project/uoa03669/rsan613/n/southern/runs/BBM/output/Moorings_2018m03.nc
/scale_wlg_persistent/filesets/project/uoa03669/rsan613/n/southern/runs/BBM/output/Moorings_2018m04.nc
/scale_wlg_persistent/filesets/project/uoa03669/rsan613/n/southern/runs/BBM/output/Moorings_2018m05.nc
/scale_wlg_persistent/filesets/project/uoa03669/rsan613/n/southern/runs/BBM/output/Moorings_2018m06.nc
/scale_wlg_persistent/filesets/project/uoa03669/rsan613/n/southern/runs/BBM/output/Moorings_2018m07.nc
/scale_wlg_persistent/filesets/project/uoa03669/rsan613/n/southern/runs/BBM/output/Moorings_2018m08.nc
/scale_wlg_persistent/filesets/project/uoa03669/rsan613/n/southern/runs/BBM/output/Moorings_2018m09.nc
/scale_wlg_persistent/filesets/project/uoa03669/rsan613/n/southern/runs/BBM/output/Moorings_2018m10.nc
/scale_wlg_persistent/filesets/project/uoa03669/rsan613/n/southern/runs/BBM/output/Moorings_2018m11.nc
/scale_wlg_persistent/filesets/project/uoa03669/rsan613/n/southern/runs/BBM/output/Moorings_2018m12.nc
/scale_wlg_persistent/filesets/project/uoa03669/rsan613/n/southern/runs/BBM/output/Moorings_2019m01.nc
/scale_wlg_persistent/filesets/project/uoa03669/rsan613/n/southern/runs/BBM/output/Moorings_2019m02.nc
/scale_wlg_persistent/filesets/project/uoa03669/rsan613/n/southern/runs/BBM/output/Moorings_2019m03.nc
/scale_wlg_persistent/filesets/project/uoa03669/rsan613/n/southern/runs/BBM/output/Moorings_2019m04.nc
/scale_wlg_persistent/filesets/project/uoa03669/rsan613/n/southern/runs/BBM/output/Moorings_2019m05.nc
/scale_wlg_persistent/filesets/project/uoa03669/rsan613/n/southern/runs/BBM/output/Moorings_2019m06.nc
/scale_wlg_persistent/filesets/project/uoa03669/rsan613/n/southern/runs/BBM/output/Moorings_2019m07.nc
/scale_wlg_persistent/filesets/project/uoa03669/rsan613/n/southern/runs/BBM/output/Moorings_2019m08.nc
/scale_wlg_persistent/filesets/project/uoa03669/rsan613/n/southern/runs/BBM/output/Moorings_2019m09.nc
/scale_wlg_persistent/filesets/project/uoa03669/rsan613/n/southern/runs/BBM/output/Moorings_2019m10.nc
/scale_wlg_persistent/filesets/project/uoa03669/rsan613/n/southern/runs/BBM/output/Moorings_2019m11.nc
/scale_wlg_persistent/filesets/project/uoa03669/rsan613/n/southern/runs/BBM/output/Moorings_2019m12.nc
/scale_wlg_persistent/filesets/project/uoa03669/rsan613/n/southern/runs/BBM/output/Moorings_2020m01.nc
/scale_wlg_persistent/filesets/project/uoa03669/rsan613/n/southern/runs/BBM/output/Moorings_2020m02.nc
/scale_wlg_persistent/filesets/project/uoa03669/rsan613/n/southern/runs/BBM/output/Moorings_2020m03.nc
/scale_wlg_persistent/filesets/project/uoa03669/rsan613/n/southern/runs/BBM/output/Moorings_2020m04.nc
/scale_wlg_persistent/filesets/project/uoa03669/rsan613/n/southern/runs/BBM/output/Moorings_2020m05.nc
/scale_wlg_persistent/filesets/project/uoa03669/rsan613/n/southern/runs/BBM/output/Moorings_2020m06.nc
/scale_wlg_persistent/filesets/project/uoa03669/rsan613/n/southern/runs/BBM/output/Moorings_2020m07.nc
/scale_wlg_persistent/filesets/project/uoa03669/rsan613/n/southern/runs/BBM/output/Moorings_2020m08.nc
/scale_wlg_persistent/filesets/project/uoa03669/rsan613/n/southern/runs/BBM/output/Moorings_2020m09.nc
/scale_wlg_persistent/filesets/project/uoa03669/rsan613/n/southern/runs/BBM/output/Moorings_2020m10.nc
/scale_wlg_persistent/filesets/project/uoa03669/rsan613/n/southern/runs/BBM/output/Moorings_2020m11.nc
/scale_wlg_persistent/filesets/project/uoa03669/rsan613/n/southern/runs/BBM/output/Moorings_2020m12.nc
/scale_wlg_persistent/filesets/project/uoa03669/rsan613/n/southern/runs/BBM/output/Moorings_2021m01.nc
/scale_wlg_persistent/filesets/project/uoa03669/rsan613/n/southern/runs/BBM/output/Moorings_2021m02.nc
/scale_wlg_persistent/filesets/project/uoa03669/rsan613/n/southern/runs/BBM/output/Moorings_2021m03.nc
/scale_wlg_persistent/filesets/project/uoa03669/rsan613/n/southern/runs/BBM/output/Moorings_2021m04.nc
/scale_wlg_persistent/filesets/project/uoa03669/rsan613/n/southern/runs/BBM/output/Moorings_2021m05.nc
/scale_wlg_persistent/filesets/project/uoa03669/rsan613/n/southern/runs/BBM/output/Moorings_2021m06.nc
/scale_wlg_persistent/filesets/project/uoa03669/rsan613/n/southern/runs/BBM/output/Moorings_2021m07.nc
/scale_wlg_persistent/filesets/project/uoa03669/rsan613/n/southern/runs/BBM/output/Moorings_2021m08.nc
/scale_wlg_persistent/filesets/project/uoa03669/rsan613/n/southern/runs/BBM/output/Moorings_2021m09.nc
/scale_wlg_persistent/filesets/project/uoa03669/rsan613/n/southern/runs/BBM/output/Moorings_2021m10.nc
/scale_wlg_persistent/filesets/project/uoa03669/rsan613/n/southern/runs/BBM/output/Moorings_2021m11.nc
/scale_wlg_persistent/filesets/project/uoa03669/rsan613/n/southern/runs/BBM/output/Moorings_2021m12.nc
Ploting map: newice_diff BBM
BBM: computing 3-month mean starting in month 01
BBM: computing 3-month mean starting in month 04
BBM: computing 3-month mean starting in month 07
BBM: computing 3-month mean starting in month 10
/scale_wlg_persistent/filesets/project/uoa03669/rsan613/n/southern/runs/mEVP/output/Moorings_2016m01.nc
/scale_wlg_persistent/filesets/project/uoa03669/rsan613/n/southern/runs/mEVP/output/Moorings_2016m02.nc
/scale_wlg_persistent/filesets/project/uoa03669/rsan613/n/southern/runs/mEVP/output/Moorings_2016m03.nc
/scale_wlg_persistent/filesets/project/uoa03669/rsan613/n/southern/runs/mEVP/output/Moorings_2016m04.nc
/scale_wlg_persistent/filesets/project/uoa03669/rsan613/n/southern/runs/mEVP/output/Moorings_2016m05.nc
/scale_wlg_persistent/filesets/project/uoa03669/rsan613/n/southern/runs/mEVP/output/Moorings_2016m06.nc
/scale_wlg_persistent/filesets/project/uoa03669/rsan613/n/southern/runs/mEVP/output/Moorings_2016m07.nc
/scale_wlg_persistent/filesets/project/uoa03669/rsan613/n/southern/runs/mEVP/output/Moorings_2016m08.nc
/scale_wlg_persistent/filesets/project/uoa03669/rsan613/n/southern/runs/mEVP/output/Moorings_2016m09.nc
/scale_wlg_persistent/filesets/project/uoa03669/rsan613/n/southern/runs/mEVP/output/Moorings_2016m10.nc
/scale_wlg_persistent/filesets/project/uoa03669/rsan613/n/southern/runs/mEVP/output/Moorings_2016m11.nc
/scale_wlg_persistent/filesets/project/uoa03669/rsan613/n/southern/runs/mEVP/output/Moorings_2016m12.nc
/scale_wlg_persistent/filesets/project/uoa03669/rsan613/n/southern/runs/mEVP/output/Moorings_2017m01.nc
/scale_wlg_persistent/filesets/project/uoa03669/rsan613/n/southern/runs/mEVP/output/Moorings_2017m02.nc
/scale_wlg_persistent/filesets/project/uoa03669/rsan613/n/southern/runs/mEVP/output/Moorings_2017m03.nc
/scale_wlg_persistent/filesets/project/uoa03669/rsan613/n/southern/runs/mEVP/output/Moorings_2017m04.nc
/scale_wlg_persistent/filesets/project/uoa03669/rsan613/n/southern/runs/mEVP/output/Moorings_2017m05.nc
/scale_wlg_persistent/filesets/project/uoa03669/rsan613/n/southern/runs/mEVP/output/Moorings_2017m06.nc
/scale_wlg_persistent/filesets/project/uoa03669/rsan613/n/southern/runs/mEVP/output/Moorings_2017m07.nc
/scale_wlg_persistent/filesets/project/uoa03669/rsan613/n/southern/runs/mEVP/output/Moorings_2017m08.nc
/scale_wlg_persistent/filesets/project/uoa03669/rsan613/n/southern/runs/mEVP/output/Moorings_2017m09.nc
/scale_wlg_persistent/filesets/project/uoa03669/rsan613/n/southern/runs/mEVP/output/Moorings_2017m10.nc
/scale_wlg_persistent/filesets/project/uoa03669/rsan613/n/southern/runs/mEVP/output/Moorings_2017m11.nc
/scale_wlg_persistent/filesets/project/uoa03669/rsan613/n/southern/runs/mEVP/output/Moorings_2017m12.nc
/scale_wlg_persistent/filesets/project/uoa03669/rsan613/n/southern/runs/mEVP/output/Moorings_2018m01.nc
/scale_wlg_persistent/filesets/project/uoa03669/rsan613/n/southern/runs/mEVP/output/Moorings_2018m02.nc
/scale_wlg_persistent/filesets/project/uoa03669/rsan613/n/southern/runs/mEVP/output/Moorings_2018m03.nc
/scale_wlg_persistent/filesets/project/uoa03669/rsan613/n/southern/runs/mEVP/output/Moorings_2018m04.nc
/scale_wlg_persistent/filesets/project/uoa03669/rsan613/n/southern/runs/mEVP/output/Moorings_2018m05.nc
/scale_wlg_persistent/filesets/project/uoa03669/rsan613/n/southern/runs/mEVP/output/Moorings_2018m06.nc
/scale_wlg_persistent/filesets/project/uoa03669/rsan613/n/southern/runs/mEVP/output/Moorings_2018m07.nc
/scale_wlg_persistent/filesets/project/uoa03669/rsan613/n/southern/runs/mEVP/output/Moorings_2018m08.nc
/scale_wlg_persistent/filesets/project/uoa03669/rsan613/n/southern/runs/mEVP/output/Moorings_2018m09.nc
/scale_wlg_persistent/filesets/project/uoa03669/rsan613/n/southern/runs/mEVP/output/Moorings_2018m10.nc
/scale_wlg_persistent/filesets/project/uoa03669/rsan613/n/southern/runs/mEVP/output/Moorings_2018m11.nc
/scale_wlg_persistent/filesets/project/uoa03669/rsan613/n/southern/runs/mEVP/output/Moorings_2018m12.nc
/scale_wlg_persistent/filesets/project/uoa03669/rsan613/n/southern/runs/mEVP/output/Moorings_2019m01.nc
/scale_wlg_persistent/filesets/project/uoa03669/rsan613/n/southern/runs/mEVP/output/Moorings_2019m02.nc
/scale_wlg_persistent/filesets/project/uoa03669/rsan613/n/southern/runs/mEVP/output/Moorings_2019m03.nc
/scale_wlg_persistent/filesets/project/uoa03669/rsan613/n/southern/runs/mEVP/output/Moorings_2019m04.nc
/scale_wlg_persistent/filesets/project/uoa03669/rsan613/n/southern/runs/mEVP/output/Moorings_2019m05.nc
/scale_wlg_persistent/filesets/project/uoa03669/rsan613/n/southern/runs/mEVP/output/Moorings_2019m06.nc
/scale_wlg_persistent/filesets/project/uoa03669/rsan613/n/southern/runs/mEVP/output/Moorings_2019m07.nc
/scale_wlg_persistent/filesets/project/uoa03669/rsan613/n/southern/runs/mEVP/output/Moorings_2019m08.nc
/scale_wlg_persistent/filesets/project/uoa03669/rsan613/n/southern/runs/mEVP/output/Moorings_2019m09.nc
/scale_wlg_persistent/filesets/project/uoa03669/rsan613/n/southern/runs/mEVP/output/Moorings_2019m10.nc
/scale_wlg_persistent/filesets/project/uoa03669/rsan613/n/southern/runs/mEVP/output/Moorings_2019m11.nc
/scale_wlg_persistent/filesets/project/uoa03669/rsan613/n/southern/runs/mEVP/output/Moorings_2019m12.nc
/scale_wlg_persistent/filesets/project/uoa03669/rsan613/n/southern/runs/mEVP/output/Moorings_2020m01.nc
/scale_wlg_persistent/filesets/project/uoa03669/rsan613/n/southern/runs/mEVP/output/Moorings_2020m02.nc
/scale_wlg_persistent/filesets/project/uoa03669/rsan613/n/southern/runs/mEVP/output/Moorings_2020m03.nc
/scale_wlg_persistent/filesets/project/uoa03669/rsan613/n/southern/runs/mEVP/output/Moorings_2020m04.nc
/scale_wlg_persistent/filesets/project/uoa03669/rsan613/n/southern/runs/mEVP/output/Moorings_2020m05.nc
/scale_wlg_persistent/filesets/project/uoa03669/rsan613/n/southern/runs/mEVP/output/Moorings_2020m06.nc
/scale_wlg_persistent/filesets/project/uoa03669/rsan613/n/southern/runs/mEVP/output/Moorings_2020m07.nc
/scale_wlg_persistent/filesets/project/uoa03669/rsan613/n/southern/runs/mEVP/output/Moorings_2020m08.nc
/scale_wlg_persistent/filesets/project/uoa03669/rsan613/n/southern/runs/mEVP/output/Moorings_2020m09.nc
/scale_wlg_persistent/filesets/project/uoa03669/rsan613/n/southern/runs/mEVP/output/Moorings_2020m10.nc
/scale_wlg_persistent/filesets/project/uoa03669/rsan613/n/southern/runs/mEVP/output/Moorings_2020m11.nc
/scale_wlg_persistent/filesets/project/uoa03669/rsan613/n/southern/runs/mEVP/output/Moorings_2020m12.nc
/scale_wlg_persistent/filesets/project/uoa03669/rsan613/n/southern/runs/mEVP/output/Moorings_2021m01.nc
/scale_wlg_persistent/filesets/project/uoa03669/rsan613/n/southern/runs/mEVP/output/Moorings_2021m02.nc
/scale_wlg_persistent/filesets/project/uoa03669/rsan613/n/southern/runs/mEVP/output/Moorings_2021m03.nc
/scale_wlg_persistent/filesets/project/uoa03669/rsan613/n/southern/runs/mEVP/output/Moorings_2021m04.nc
/scale_wlg_persistent/filesets/project/uoa03669/rsan613/n/southern/runs/mEVP/output/Moorings_2021m05.nc
/scale_wlg_persistent/filesets/project/uoa03669/rsan613/n/southern/runs/mEVP/output/Moorings_2021m06.nc
/scale_wlg_persistent/filesets/project/uoa03669/rsan613/n/southern/runs/mEVP/output/Moorings_2021m07.nc
/scale_wlg_persistent/filesets/project/uoa03669/rsan613/n/southern/runs/mEVP/output/Moorings_2021m08.nc
/scale_wlg_persistent/filesets/project/uoa03669/rsan613/n/southern/runs/mEVP/output/Moorings_2021m09.nc
/scale_wlg_persistent/filesets/project/uoa03669/rsan613/n/southern/runs/mEVP/output/Moorings_2021m10.nc
/scale_wlg_persistent/filesets/project/uoa03669/rsan613/n/southern/runs/mEVP/output/Moorings_2021m11.nc
/scale_wlg_persistent/filesets/project/uoa03669/rsan613/n/southern/runs/mEVP/output/Moorings_2021m12.nc
Ploting map: newice_diff mEVP
mEVP: computing 3-month mean starting in month 01
mEVP: computing 3-month mean starting in month 04
mEVP: computing 3-month mean starting in month 07
mEVP: computing 3-month mean starting in month 10
Saving: /scale_wlg_persistent/filesets/project/uoa03669/rsan613/n/southern/figures/mEVP/map_newice_diff_2016-1-1_2021-12-28.png
End of script
